  main.cpp
u:\class_share\economics\econ_380_lhost\mineh\cs\lightingvs\lightingvs\main.cpp(32): warning C4305: 'initializing': truncation from 'double' to 'float'
u:\class_share\economics\econ_380_lhost\mineh\cs\lightingvs\lightingvs\main.cpp(100): warning C4005: 'FIELD_OFFSET': macro redefinition
  c:\program files (x86)\windows kits\10\include\10.0.17134.0\um\winnt.h(1178): note: see previous definition of 'FIELD_OFFSET'
u:\class_share\economics\econ_380_lhost\mineh\cs\lightingvs\lightingvs\main.cpp(243): warning C4244: '=': conversion from 'double' to 'float', possible loss of data
u:\class_share\economics\econ_380_lhost\mineh\cs\lightingvs\lightingvs\main.cpp(266): warning C4244: 'argument': conversion from 'T' to 'const GLfloat', possible loss of data
          with
          [
              T=double
          ]
u:\class_share\economics\econ_380_lhost\mineh\cs\lightingvs\lightingvs\main.cpp(276): warning C4305: 'argument': truncation from 'double' to 'const GLfloat'
u:\class_share\economics\econ_380_lhost\mineh\cs\lightingvs\lightingvs\main.cpp(352): warning C4244: 'argument': conversion from 'T' to 'const GLfloat', possible loss of data
          with
          [
              T=double
          ]
u:\class_share\economics\econ_380_lhost\mineh\cs\lightingvs\lightingvs\main.cpp(426): warning C4305: 'argument': truncation from 'double' to 'GLclampf'
u:\class_share\economics\econ_380_lhost\mineh\cs\lightingvs\lightingvs\geometrymaker.h(58): warning C4244: 'initializing': conversion from 'double' to 'float', possible loss of data
  u:\class_share\economics\econ_380_lhost\mineh\cs\lightingvs\lightingvs\main.cpp(204): note: see reference to function template instantiation 'void makeCube<std::_Vector_iterator<std::_Vector_val<std::_Simple_types<_Ty>>>,std::_Vector_iterator<std::_Vector_val<std::_Simple_types<unsigned short>>>>(float,VtxOutIter,IdxOutIter)' being compiled
          with
          [
              _Ty=VertexPNT,
              VtxOutIter=std::_Vector_iterator<std::_Vector_val<std::_Simple_types<VertexPNT>>>,
              IdxOutIter=std::_Vector_iterator<std::_Vector_val<std::_Simple_types<unsigned short>>>
          ]
u:\class_share\economics\econ_380_lhost\mineh\cs\lightingvs\lightingvs\geometrymaker.h(148): warning C4244: 'initializing': conversion from '_Ty' to 'float', possible loss of data
          with
          [
              _Ty=double
          ]
  u:\class_share\economics\econ_380_lhost\mineh\cs\lightingvs\lightingvs\main.cpp(216): note: see reference to function template instantiation 'void makeSphere<std::_Vector_iterator<std::_Vector_val<std::_Simple_types<_Ty>>>,std::_Vector_iterator<std::_Vector_val<std::_Simple_types<unsigned short>>>>(float,int,int,VtxOutIter,IdxOutIter)' being compiled
          with
          [
              _Ty=VertexPNT,
              VtxOutIter=std::_Vector_iterator<std::_Vector_val<std::_Simple_types<VertexPNT>>>,
              IdxOutIter=std::_Vector_iterator<std::_Vector_val<std::_Simple_types<unsigned short>>>
          ]
u:\class_share\economics\econ_380_lhost\mineh\cs\lightingvs\lightingvs\geometrymaker.h(149): warning C4244: 'initializing': conversion from '_Ty' to 'float', possible loss of data
          with
          [
              _Ty=double
          ]
u:\class_share\economics\econ_380_lhost\mineh\cs\lightingvs\lightingvs\geometrymaker.h(150): warning C4244: 'initializing': conversion from '_Ty' to 'float', possible loss of data
          with
          [
              _Ty=double
          ]
u:\class_share\economics\econ_380_lhost\mineh\cs\lightingvs\lightingvs\geometrymaker.h(153): warning C4244: 'argument': conversion from '_Ty' to 'const T', possible loss of data
          with
          [
              _Ty=double
          ]
          and
          [
              T=float
          ]
u:\class_share\economics\econ_380_lhost\mineh\cs\lightingvs\lightingvs\geometrymaker.h(159): warning C4244: 'argument': conversion from 'double' to 'float', possible loss of data
  LightingVS.vcxproj -> C:\Users\mineh\source\repos\BumpMapping\Debug\LightingVS.exe
